<?xml version="1.0" encoding="UTF-8"?>
<!-- Generated by org.testng.reporters.JUnitXMLReporter -->
<testsuite hostname="LSIPL-05" ignored="0" name="test 1" tests="1" failures="1" timestamp="12 Jun 2019 11:18:36 GMT" time="0.917" errors="0">
  <testcase name="Adminlogintest" time="0.897" classname="com.spade.testngtestcases.AdminLogin">
    <failure type="java.lang.NullPointerException">
      <![CDATA[java.lang.NullPointerException
	at com.spade.PageActions.Testexecutor.executetest(Testexecutor.java:45)
	at com.spade.testngtestcases.AdminLogin.Adminlogintest(AdminLogin.java:17)
	at com.spade.testngtestcases.testcllass.main(testcllass.java:19)
... Removed 22 stack frames]]>
    </failure>
  </testcase> <!-- Adminlogintest -->
</testsuite> <!-- test 1 -->
