<?xml version="1.0" encoding="UTF-8"?>
<testng-results skipped="0" failed="0" ignored="0" total="1" passed="1">
  <reporter-output>
  </reporter-output>
  <suite name="Default suite" duration-ms="32101" started-at="2019-06-23T14:57:40Z" finished-at="2019-06-23T14:58:12Z">
    <groups>
    </groups>
    <test name="Default test" duration-ms="32101" started-at="2019-06-23T14:57:40Z" finished-at="2019-06-23T14:58:12Z">
      <class name="com.spade.startup.StartupTest">
        <test-method status="PASS" signature="TestStartUp()[pri:0, instance:com.spade.startup.StartupTest@14bf9759]" name="TestStartUp" duration-ms="32041" started-at="2019-06-23T14:57:40Z" finished-at="2019-06-23T14:58:12Z">
          <reporter-output>
          </reporter-output>
        </test-method> <!-- TestStartUp -->
      </class> <!-- com.spade.startup.StartupTest -->
    </test> <!-- Default test -->
  </suite> <!-- Default suite -->
</testng-results>
